Compiling the C compiler identification source file "CMakeCCompilerId.c" failed.
Compiler: /usr/bin/c99-gcc 
Build flags: 
Id flags:  

The output was:
1
/usr/bin/ld: final link failed: Operation not supported
collect2: error: ld returned 1 exit status


Compiling the C compiler identification source file "CMakeCCompilerId.c" failed.
Compiler: /usr/bin/c99-gcc 
Build flags: 
Id flags: -c 

The output was:
1
/tmp/cc5ioRez.s: Assembler messages:
/tmp/cc5ioRez.s: Fatal error: can't write 142 bytes to section .text of CMakeCCompilerId.o: 'Operation not supported'
/tmp/cc5ioRez.s: Fatal error: can't close CMakeCCompilerId.o: Operation not supported


Compiling the C compiler identification source file "CMakeCCompilerId.c" failed.
Compiler: /usr/bin/c99-gcc 
Build flags: 
Id flags: -Aa 

The output was:
1
<command-line>:0:1: error: missing '(' after predicate


Compiling the C compiler identification source file "CMakeCCompilerId.c" failed.
Compiler: /usr/bin/c99-gcc 
Build flags: 
Id flags: -D__CLASSIC_C__ 

The output was:
1
/usr/bin/ld: final link failed: Operation not supported
collect2: error: ld returned 1 exit status


Compiling the C compiler identification source file "CMakeCCompilerId.c" failed.
Compiler: /usr/bin/c99-gcc 
Build flags: 
Id flags:  

The output was:
1
/usr/bin/ld: final link failed: Operation not supported
collect2: error: ld returned 1 exit status


Compiling the C compiler identification source file "CMakeCCompilerId.c" failed.
Compiler: /usr/bin/c99-gcc 
Build flags: 
Id flags: -c 

The output was:
1
/tmp/cctjUdV7.s: Assembler messages:
/tmp/cctjUdV7.s: Fatal error: can't write 142 bytes to section .text of CMakeCCompilerId.o: 'Operation not supported'
/tmp/cctjUdV7.s: Fatal error: can't close CMakeCCompilerId.o: Operation not supported


Compiling the C compiler identification source file "CMakeCCompilerId.c" failed.
Compiler: /usr/bin/c99-gcc 
Build flags: 
Id flags: -Aa 

The output was:
1
<command-line>:0:1: error: missing '(' after predicate


Compiling the C compiler identification source file "CMakeCCompilerId.c" failed.
Compiler: /usr/bin/c99-gcc 
Build flags: 
Id flags: -D__CLASSIC_C__ 

The output was:
1
/usr/bin/ld: final link failed: Operation not supported
collect2: error: ld returned 1 exit status


Checking whether the C compiler is IAR using "" did not match "IAR .+ Compiler":
gcc: fatal error: no input files
compilation terminated.
Checking whether the C compiler is IAR using "" did not match "IAR .+ Compiler":
gcc: fatal error: no input files
compilation terminated.
Compiling the CXX compiler identification source file "CMakeCXXCompilerId.cpp" failed.
Compiler: /usr/bin/c++ 
Build flags: 
Id flags:  

The output was:
1
/usr/bin/ld: final link failed: Operation not supported
collect2: error: ld returned 1 exit status


Compiling the CXX compiler identification source file "CMakeCXXCompilerId.cpp" failed.
Compiler: /usr/bin/c++ 
Build flags: 
Id flags: -c 

The output was:
1
/tmp/cc63q2N5.s: Assembler messages:
/tmp/cc63q2N5.s: Fatal error: can't write 118 bytes to section .text of CMakeCXXCompilerId.o: 'Operation not supported'
/tmp/cc63q2N5.s: Fatal error: can't close CMakeCXXCompilerId.o: Operation not supported


Compiling the CXX compiler identification source file "CMakeCXXCompilerId.cpp" failed.
Compiler: /usr/bin/c++ 
Build flags: 
Id flags: --c++ 

The output was:
1
c++: error: unrecognized command line option ‘--c++’


Compiling the CXX compiler identification source file "CMakeCXXCompilerId.cpp" failed.
Compiler: /usr/bin/c++ 
Build flags: 
Id flags: --ec++ 

The output was:
1
c++: error: unrecognized command line option ‘--ec++’; did you mean ‘-Weffc++’?


Compiling the CXX compiler identification source file "CMakeCXXCompilerId.cpp" failed.
Compiler: /usr/bin/c++ 
Build flags: 
Id flags:  

The output was:
1
/usr/bin/ld: final link failed: Operation not supported
collect2: error: ld returned 1 exit status


Compiling the CXX compiler identification source file "CMakeCXXCompilerId.cpp" failed.
Compiler: /usr/bin/c++ 
Build flags: 
Id flags: -c 

The output was:
1
/tmp/cctzh6gj.s: Assembler messages:
/tmp/cctzh6gj.s: Fatal error: can't write 118 bytes to section .text of CMakeCXXCompilerId.o: 'Operation not supported'
/tmp/cctzh6gj.s: Fatal error: can't close CMakeCXXCompilerId.o: Operation not supported


Compiling the CXX compiler identification source file "CMakeCXXCompilerId.cpp" failed.
Compiler: /usr/bin/c++ 
Build flags: 
Id flags: --c++ 

The output was:
1
c++: error: unrecognized command line option ‘--c++’


Compiling the CXX compiler identification source file "CMakeCXXCompilerId.cpp" failed.
Compiler: /usr/bin/c++ 
Build flags: 
Id flags: --ec++ 

The output was:
1
c++: error: unrecognized command line option ‘--ec++’; did you mean ‘-Weffc++’?


Checking whether the CXX compiler is IAR using "" did not match "IAR .+ Compiler":
c++: fatal error: no input files
compilation terminated.
Checking whether the CXX compiler is IAR using "" did not match "IAR .+ Compiler":
c++: fatal error: no input files
compilation terminated.
Determining if the C compiler works failed with the following output:
Change Dir: /run/user/1000/gvfs/smb-share:server=robot,share=roscar/imu_tools/imu_filter_madgwick/build/CMakeFiles/CMakeTmp

Run Build Command:"/usr/bin/make" "cmTC_32419/fast"
/usr/bin/make -f CMakeFiles/cmTC_32419.dir/build.make CMakeFiles/cmTC_32419.dir/build
make[1]: Entering directory '/run/user/1000/gvfs/smb-share:server=robot,share=roscar/imu_tools/imu_filter_madgwick/build/CMakeFiles/CMakeTmp'
Building C object CMakeFiles/cmTC_32419.dir/testCCompiler.c.o
/usr/bin/c99-gcc    -o CMakeFiles/cmTC_32419.dir/testCCompiler.c.o   -c /run/user/1000/gvfs/smb-share:server=robot,share=roscar/imu_tools/imu_filter_madgwick/build/CMakeFiles/CMakeTmp/testCCompiler.c
/tmp/cc0T0Gmc.s: Assembler messages:
/tmp/cc0T0Gmc.s: Fatal error: can't write 19 bytes to section .text of CMakeFiles/cmTC_32419.dir/testCCompiler.c.o: 'Operation not supported'
/tmp/cc0T0Gmc.s: Fatal error: can't close CMakeFiles/cmTC_32419.dir/testCCompiler.c.o: Operation not supported
CMakeFiles/cmTC_32419.dir/build.make:65: recipe for target 'CMakeFiles/cmTC_32419.dir/testCCompiler.c.o' failed
make[1]: *** [CMakeFiles/cmTC_32419.dir/testCCompiler.c.o] Error 1
make[1]: Leaving directory '/run/user/1000/gvfs/smb-share:server=robot,share=roscar/imu_tools/imu_filter_madgwick/build/CMakeFiles/CMakeTmp'
Makefile:126: recipe for target 'cmTC_32419/fast' failed
make: *** [cmTC_32419/fast] Error 2


